[2015-03-07 16:45:27] START
[2015-03-07 16:45:27] EDIT budz/controllers/default.py: 7
[2015-03-07 16:45:52] CREATE default/tutorposts.html: 0
[2015-03-07 16:54:48] EDIT budz/models/tables.py: 23
[2015-03-07 16:56:10] EDIT budz/models/tables.py: 0
[2015-03-07 16:56:58] EDIT budz/models/tables.py: -2
[2015-03-07 16:57:06] CREATE default/profile.html: 0
[2015-03-07 16:59:53] EDIT budz/views/default/index.html: 0
[2015-03-07 16:59:56] EDIT budz/views/default/tutorposts.html: 12
[2015-03-07 16:59:58] EDIT budz/views/default/profile.html: 11
[2015-03-07 17:00:02] EDIT budz/models/tables.py: 0
[2015-03-07 17:01:31] EDIT budz/models/tables.py: 0
[2015-03-07 17:02:07] CREATE default/studentposts.html: 0
[2015-03-07 17:02:13] EDIT budz/views/default/studentposts.html: 0
[2015-03-07 17:02:34] EDIT budz/views/default/studentposts.html: 12
[2015-03-07 17:02:55] EDIT budz/controllers/default.py: 0
[2015-03-07 17:06:15] EDIT budz/controllers/default.py: 16
[2015-03-07 17:07:41] EDIT budz/controllers/default.py: -2
[2015-03-07 17:08:05] EDIT budz/views/default/studentposts.html: 0
[2015-03-07 17:08:34] EDIT budz/controllers/default.py: 0
[2015-03-07 17:09:32] EDIT budz/controllers/default.py: 0
[2015-03-07 17:09:58] EDIT budz/controllers/default.py: 0
[2015-03-07 17:11:03] EDIT budz/controllers/default.py: 0
[2015-03-07 17:11:05] EDIT budz/controllers/default.py: 0
[2015-03-07 17:12:57] EDIT budz/views/default/studentposts.html: 0
[2015-03-07 17:12:59] EDIT budz/controllers/default.py: 0
[2015-03-07 17:18:01] EDIT budz/views/default/studentposts.html: 2
[2015-03-07 17:18:30] EDIT budz/controllers/default.py: 0
[2015-03-07 17:20:12] EDIT budz/views/default/studentposts.html: 2
[2015-03-07 17:20:40] EDIT budz/views/default/studentposts.html: 1
[2015-03-07 17:21:10] EDIT budz/views/default/studentposts.html: 0
[2015-03-07 17:22:38] EDIT budz/views/default/studentposts.html: -2
[2015-03-07 17:23:00] EDIT budz/views/default/studentposts.html: 0
[2015-03-07 17:24:09] EDIT budz/views/default/studentposts.html: -2
[2015-03-07 17:24:37] EDIT budz/views/default/studentposts.html: 1
[2015-03-07 17:26:09] EDIT budz/views/default/studentposts.html: 4
[2015-03-07 17:27:00] EDIT budz/controllers/default.py: 1
[2015-03-07 17:28:09] EDIT budz/views/default/studentposts.html: 2
[2015-03-07 17:28:58] EDIT budz/views/default/studentposts.html: 3
[2015-03-07 17:31:40] EDIT budz/controllers/default.py: 4
[2015-03-07 17:31:44] EDIT budz/views/default/studentposts.html: 0
[2015-03-07 17:33:22] EDIT budz/controllers/default.py: 2
